[5] loading options (WPMU) ...
[5] loading options (WPMU) ...
[5] loading options (WPMU) ...
[5] loading options (WPMU) ...
[5] loading options (WPMU) ...
[5] loading options (WPMU) ...
[5] loading options (WPMU) ...
[5] loading options ...
[5] loading options ...
[5] loading options ...
[5] loading options (WPMU) ...
[5] loading options (WPMU) ...
[5] loading options (WPMU) ...
[5] loading options (WPMU) ...
[5] loading options ...
[5] loading options ...
[5] loading options ...
[5] loading options ...
[5] loading options ...
[5] loading options ...
[5] loading options ...
[5] loading options ...
[5] loading options ...
[5] loading options ...
[5] loading options ...
[5] loading options ...
[5] loading options ...
[5] loading options ...
[5] loading options ...
[5] loading options ...
[5] loading options ...
[5] loading options ...
[5] loading options ...
[5] loading options ...
[5] loading options ...
[5] loading options ...
[5] loading options ...
[5] loading options ...
[5] loading options ...
[5] loading options ...
[5] loading options ...
[5] method authenticate() called
[5] ------------------------------------------
PHP version: 5.3.2
WP  version: 3.1.3
ADI version: 1.1.1
OS Info    : Darwin Boone-Gorgess-MacBook-Pro.local 10.7.0 Darwin Kernel Version 10.7.0: Sat Jan 29 15:17:16 PST 2011; root:xnu-1504.9.37~1/RELEASE_I386 i386
Web Server : apache2handler
adLDAP ver.: 3.3.2 Extended (201104081456)
------------------------------------------
[4] username: 
[4] password: **not shown**
[5] Options for adLDAP connection:
- account_suffix: 
- base_dn: 
- domain_controllers: 
- ad_port: 389
- use_tls: 0
- network timeout: 5
[4] adLDAP object created.
[5] max_login_attempts: 3
[5] users failed logins: 1
[4] trying account suffix ""
[2] Authentication failed
[3] storing failed login for user ""
[5] loading options ...
[5] loading options ...
[5] loading options ...
[5] loading options ...
[5] loading options ...
[5] loading options ...
[5] loading options ...
[5] method authenticate() called
[5] ------------------------------------------
PHP version: 5.3.2
WP  version: 3.1.3
ADI version: 1.1.1
OS Info    : Darwin Boone-Gorgess-MacBook-Pro.local 10.7.0 Darwin Kernel Version 10.7.0: Sat Jan 29 15:17:16 PST 2011; root:xnu-1504.9.37~1/RELEASE_I386 i386
Web Server : apache2handler
adLDAP ver.: 3.3.2 Extended (201104081456)
------------------------------------------
[4] username: 
[4] password: **not shown**
[5] Options for adLDAP connection:
- account_suffix: 
- base_dn: 
- domain_controllers: 
- ad_port: 389
- use_tls: 0
- network timeout: 5
[4] adLDAP object created.
[5] max_login_attempts: 3
[5] users failed logins: 3
[2] Authentication failed again
[2] Account '' blocked for 30 seconds
[5] loading options ...
[5] loading options ...
[5] loading options ...
[5] loading options ...
[5] loading options ...
[5] loading options ...
[5] method authenticate() called
[5] ------------------------------------------
PHP version: 5.3.2
WP  version: 3.1.3
ADI version: 1.1.1
OS Info    : Darwin Boone-Gorgess-MacBook-Pro.local 10.7.0 Darwin Kernel Version 10.7.0: Sat Jan 29 15:17:16 PST 2011; root:xnu-1504.9.37~1/RELEASE_I386 i386
Web Server : apache2handler
adLDAP ver.: 3.3.2 Extended (201104081456)
------------------------------------------
[4] username: 
[4] password: **not shown**
[5] Options for adLDAP connection:
- account_suffix: 
- base_dn: 
- domain_controllers: 
- ad_port: 389
- use_tls: 0
- network timeout: 5
[4] adLDAP object created.
[5] max_login_attempts: 3
[5] users failed logins: 1
[4] trying account suffix ""
[2] Authentication failed
[3] storing failed login for user ""
[5] loading options ...
[5] loading options ...
[5] loading options ...
[5] loading options ...
[5] loading options ...
[5] loading options ...
[5] loading options ...
[5] loading options ...
[5] loading options ...
[5] method authenticate() called
[5] ------------------------------------------
PHP version: 5.3.2
WP  version: 3.1.3
ADI version: 1.1.1
OS Info    : Darwin Boone-Gorgess-MacBook-Pro.local 10.7.0 Darwin Kernel Version 10.7.0: Sat Jan 29 15:17:16 PST 2011; root:xnu-1504.9.37~1/RELEASE_I386 i386
Web Server : apache2handler
adLDAP ver.: 3.3.2 Extended (201104081456)
------------------------------------------
[4] username: 
[4] password: **not shown**
[5] Options for adLDAP connection:
- account_suffix: 
- base_dn: 
- domain_controllers: 
- ad_port: 389
- use_tls: 0
- network timeout: 5
[4] adLDAP object created.
[5] max_login_attempts: 3
[5] users failed logins: 1
[4] trying account suffix ""
[2] Authentication failed
[3] storing failed login for user ""
[5] loading options ...
[5] loading options ...
[5] loading options ...
[5] loading options ...
[5] method authenticate() called
[5] ------------------------------------------
PHP version: 5.3.2
WP  version: 3.1.3
ADI version: 1.1.1
OS Info    : Darwin Boone-Gorgess-MacBook-Pro.local 10.7.0 Darwin Kernel Version 10.7.0: Sat Jan 29 15:17:16 PST 2011; root:xnu-1504.9.37~1/RELEASE_I386 i386
Web Server : apache2handler
adLDAP ver.: 3.3.2 Extended (201104081456)
------------------------------------------
[4] username: 
[4] password: **not shown**
[5] Options for adLDAP connection:
- account_suffix: 
- base_dn: 
- domain_controllers: 
- ad_port: 389
- use_tls: 0
- network timeout: 5
[4] adLDAP object created.
[5] max_login_attempts: 3
[5] users failed logins: 1
[4] trying account suffix ""
[2] Authentication failed
[3] storing failed login for user ""
[5] loading options ...
[5] loading options ...
[5] loading options ...
[5] method authenticate() called
[5] ------------------------------------------
PHP version: 5.3.2
WP  version: 3.1.3
ADI version: 1.1.1
OS Info    : Darwin Boone-Gorgess-MacBook-Pro.local 10.7.0 Darwin Kernel Version 10.7.0: Sat Jan 29 15:17:16 PST 2011; root:xnu-1504.9.37~1/RELEASE_I386 i386
Web Server : apache2handler
adLDAP ver.: 3.3.2 Extended (201104081456)
------------------------------------------
[4] username: 
[4] password: **not shown**
[5] Options for adLDAP connection:
- account_suffix: 
- base_dn: 
- domain_controllers: 
- ad_port: 389
- use_tls: 0
- network timeout: 5
[4] adLDAP object created.
[5] max_login_attempts: 3
[5] users failed logins: 1
[4] trying account suffix ""
[2] Authentication failed
[3] storing failed login for user ""
[5] loading options ...
[5] loading options ...
[5] loading options ...
[5] loading options ...
[5] loading options ...
[5] loading options ...
[5] loading options ...
[5] loading options ...
[5] loading options ...
[5] loading options ...
[5] loading options ...
[5] loading options ...
[5] loading options ...
[5] loading options ...
[5] loading options ...
[5] loading options ...
[5] loading options ...
[5] loading options ...
[5] loading options ...
[5] loading options ...
[5] loading options ...
[5] loading options ...
[5] loading options ...
[5] loading options ...
[5] loading options ...
[5] loading options ...
[5] loading options ...
[5] loading options ...
[5] loading options ...
[5] loading options ...
[5] loading options ...
[5] loading options ...
[5] loading options ...
[5] loading options ...
[5] loading options ...
[5] loading options ...
[5] loading options ...
[5] loading options ...
[5] loading options ...
[5] loading options ...
[5] loading options ...
[5] loading options ...
[5] loading options ...
[5] loading options ...
[5] loading options (WPMU) ...
[5] loading options (WPMU) ...
[5] loading options (WPMU) ...
[5] loading options (WPMU) ...
[5] loading options (WPMU) ...
[5] loading options (WPMU) ...
[5] loading options (WPMU) ...
[5] loading options (WPMU) ...
[5] loading options (WPMU) ...
[5] loading options (WPMU) ...
[5] loading options (WPMU) ...
[5] loading options (WPMU) ...
[5] loading options (WPMU) ...
[5] loading options (WPMU) ...
[5] loading options (WPMU) ...
[5] loading options (WPMU) ...
[5] loading options (WPMU) ...
[5] loading options (WPMU) ...
[5] loading options (WPMU) ...
[5] loading options (WPMU) ...
[5] loading options (WPMU) ...
[5] loading options (WPMU) ...
[5] loading options (WPMU) ...
[5] loading options (WPMU) ...
[5] loading options (WPMU) ...
[5] loading options (WPMU) ...
[5] loading options (WPMU) ...
[5] loading options (WPMU) ...
[5] loading options (WPMU) ...
[5] loading options (WPMU) ...
[5] loading options (WPMU) ...
[5] loading options (WPMU) ...
[5] loading options (WPMU) ...
[5] loading options (WPMU) ...
[5] loading options (WPMU) ...
[5] loading options (WPMU) ...
[5] loading options (WPMU) ...
[5] loading options (WPMU) ...
[5] loading options (WPMU) ...
[5] loading options (WPMU) ...
[5] loading options (WPMU) ...
[5] loading options (WPMU) ...
[5] loading options (WPMU) ...
[5] loading options (WPMU) ...
[5] loading options (WPMU) ...
[5] loading options (WPMU) ...
[5] loading options (WPMU) ...
[5] loading options (WPMU) ...
[5] loading options (WPMU) ...
[5] loading options (WPMU) ...
[5] loading options (WPMU) ...
[5] loading options (WPMU) ...
[5] loading options (WPMU) ...
[5] loading options (WPMU) ...
[5] loading options (WPMU) ...
